2025-11-06 11:29:14.005379
Traceback (most recent call last):
  File "C:\Users\mega-327\Desktop\car_damage_analysis\app.py", line 37, in predict
    return render_template('result.html',
           ^^^^^^^^^^^^^^^^^^^^^^^^^^^^^^
  File "C:\Users\mega-327\AppData\Local\Programs\Python\Python312\Lib\site-packages\flask\templating.py", line 149, in render_template
    template = app.jinja_env.get_or_select_template(template_name_or_list)
               ^^^^^^^^^^^^^^^^^^^^^^^^^^^^^^^^^^^^^^^^^^^^^^^^^^^^^^^^^^^
  File "C:\Users\mega-327\AppData\Local\Programs\Python\Python312\Lib\site-packages\jinja2\environment.py", line 1087, in get_or_select_template
    return self.get_template(template_name_or_list, parent, globals)
           ^^^^^^^^^^^^^^^^^^^^^^^^^^^^^^^^^^^^^^^^^^^^^^^^^^^^^^^^^
  File "C:\Users\mega-327\AppData\Local\Programs\Python\Python312\Lib\site-packages\jinja2\environment.py", line 1016, in get_template
    return self._load_template(name, globals)
           ^^^^^^^^^^^^^^^^^^^^^^^^^^^^^^^^^^
  File "C:\Users\mega-327\AppData\Local\Programs\Python\Python312\Lib\site-packages\jinja2\environment.py", line 975, in _load_template
    template = self.loader.load(self, name, self.make_globals(globals))
               ^^^^^^^^^^^^^^^^^^^^^^^^^^^^^^^^^^^^^^^^^^^^^^^^^^^^^^^^
  File "C:\Users\mega-327\AppData\Local\Programs\Python\Python312\Lib\site-packages\jinja2\loaders.py", line 138, in load
    code = environment.compile(source, name, filename)
           ^^^^^^^^^^^^^^^^^^^^^^^^^^^^^^^^^^^^^^^^^^^
  File "C:\Users\mega-327\AppData\Local\Programs\Python\Python312\Lib\site-packages\jinja2\environment.py", line 771, in compile
    self.handle_exception(source=source_hint)
  File "C:\Users\mega-327\AppData\Local\Programs\Python\Python312\Lib\site-packages\jinja2\environment.py", line 942, in handle_exception
    raise rewrite_traceback_stack(source=source)
  File "C:\Users\mega-327\Desktop\car_damage_analysis\templates\result.html", line 18, in template
    <td>{{ d.손상 정도 }}</td>
    ^^^^^^^^^^^^^^^^^^^^^^
jinja2.exceptions.TemplateSyntaxError: expected token 'end of print statement', got '정도'

2025-11-06 11:30:44.388425
Traceback (most recent call last):
  File "C:\Users\mega-327\Desktop\car_damage_analysis\app.py", line 37, in predict
    return render_template('result.html',
           ^^^^^^^^^^^^^^^^^^^^^^^^^^^^^^
  File "C:\Users\mega-327\AppData\Local\Programs\Python\Python312\Lib\site-packages\flask\templating.py", line 149, in render_template
    template = app.jinja_env.get_or_select_template(template_name_or_list)
               ^^^^^^^^^^^^^^^^^^^^^^^^^^^^^^^^^^^^^^^^^^^^^^^^^^^^^^^^^^^
  File "C:\Users\mega-327\AppData\Local\Programs\Python\Python312\Lib\site-packages\jinja2\environment.py", line 1087, in get_or_select_template
    return self.get_template(template_name_or_list, parent, globals)
           ^^^^^^^^^^^^^^^^^^^^^^^^^^^^^^^^^^^^^^^^^^^^^^^^^^^^^^^^^
  File "C:\Users\mega-327\AppData\Local\Programs\Python\Python312\Lib\site-packages\jinja2\environment.py", line 1016, in get_template
    return self._load_template(name, globals)
           ^^^^^^^^^^^^^^^^^^^^^^^^^^^^^^^^^^
  File "C:\Users\mega-327\AppData\Local\Programs\Python\Python312\Lib\site-packages\jinja2\environment.py", line 975, in _load_template
    template = self.loader.load(self, name, self.make_globals(globals))
               ^^^^^^^^^^^^^^^^^^^^^^^^^^^^^^^^^^^^^^^^^^^^^^^^^^^^^^^^
  File "C:\Users\mega-327\AppData\Local\Programs\Python\Python312\Lib\site-packages\jinja2\loaders.py", line 138, in load
    code = environment.compile(source, name, filename)
           ^^^^^^^^^^^^^^^^^^^^^^^^^^^^^^^^^^^^^^^^^^^
  File "C:\Users\mega-327\AppData\Local\Programs\Python\Python312\Lib\site-packages\jinja2\environment.py", line 771, in compile
    self.handle_exception(source=source_hint)
  File "C:\Users\mega-327\AppData\Local\Programs\Python\Python312\Lib\site-packages\jinja2\environment.py", line 942, in handle_exception
    raise rewrite_traceback_stack(source=source)
  File "C:\Users\mega-327\Desktop\car_damage_analysis\templates\result.html", line 18, in template
    <td>{{ d.손상 정도 }}</td>
    ^^^^^^^^^^^^^^^^^^^^^^
jinja2.exceptions.TemplateSyntaxError: expected token 'end of print statement', got '정도'

2025-11-06 11:35:13.783846
Traceback (most recent call last):
  File "C:\Users\mega-327\Desktop\car_damage_analysis\app.py", line 37, in predict
    return render_template('result.html',
           ^^^^^^^^^^^^^^^^^^^^^^^^^^^^^^
  File "C:\Users\mega-327\AppData\Local\Programs\Python\Python312\Lib\site-packages\flask\templating.py", line 149, in render_template
    template = app.jinja_env.get_or_select_template(template_name_or_list)
               ^^^^^^^^^^^^^^^^^^^^^^^^^^^^^^^^^^^^^^^^^^^^^^^^^^^^^^^^^^^
  File "C:\Users\mega-327\AppData\Local\Programs\Python\Python312\Lib\site-packages\jinja2\environment.py", line 1087, in get_or_select_template
    return self.get_template(template_name_or_list, parent, globals)
           ^^^^^^^^^^^^^^^^^^^^^^^^^^^^^^^^^^^^^^^^^^^^^^^^^^^^^^^^^
  File "C:\Users\mega-327\AppData\Local\Programs\Python\Python312\Lib\site-packages\jinja2\environment.py", line 1016, in get_template
    return self._load_template(name, globals)
           ^^^^^^^^^^^^^^^^^^^^^^^^^^^^^^^^^^
  File "C:\Users\mega-327\AppData\Local\Programs\Python\Python312\Lib\site-packages\jinja2\environment.py", line 975, in _load_template
    template = self.loader.load(self, name, self.make_globals(globals))
               ^^^^^^^^^^^^^^^^^^^^^^^^^^^^^^^^^^^^^^^^^^^^^^^^^^^^^^^^
  File "C:\Users\mega-327\AppData\Local\Programs\Python\Python312\Lib\site-packages\jinja2\loaders.py", line 138, in load
    code = environment.compile(source, name, filename)
           ^^^^^^^^^^^^^^^^^^^^^^^^^^^^^^^^^^^^^^^^^^^
  File "C:\Users\mega-327\AppData\Local\Programs\Python\Python312\Lib\site-packages\jinja2\environment.py", line 771, in compile
    self.handle_exception(source=source_hint)
  File "C:\Users\mega-327\AppData\Local\Programs\Python\Python312\Lib\site-packages\jinja2\environment.py", line 942, in handle_exception
    raise rewrite_traceback_stack(source=source)
  File "C:\Users\mega-327\Desktop\car_damage_analysis\templates\result.html", line 18, in template
    <td>{{ d.손상 정도 }}</td>
    ^^^^^^^^^^^^^^^^^^^^^^
jinja2.exceptions.TemplateSyntaxError: expected token 'end of print statement', got '정도'

2025-11-06 11:36:08.451339
Traceback (most recent call last):
  File "C:\Users\mega-327\Desktop\car_damage_analysis\app.py", line 37, in predict
    return render_template('result.html',
           ^^^^^^^^^^^^^^^^^^^^^^^^^^^^^^
  File "C:\Users\mega-327\AppData\Local\Programs\Python\Python312\Lib\site-packages\flask\templating.py", line 149, in render_template
    template = app.jinja_env.get_or_select_template(template_name_or_list)
               ^^^^^^^^^^^^^^^^^^^^^^^^^^^^^^^^^^^^^^^^^^^^^^^^^^^^^^^^^^^
  File "C:\Users\mega-327\AppData\Local\Programs\Python\Python312\Lib\site-packages\jinja2\environment.py", line 1087, in get_or_select_template
    return self.get_template(template_name_or_list, parent, globals)
           ^^^^^^^^^^^^^^^^^^^^^^^^^^^^^^^^^^^^^^^^^^^^^^^^^^^^^^^^^
  File "C:\Users\mega-327\AppData\Local\Programs\Python\Python312\Lib\site-packages\jinja2\environment.py", line 1016, in get_template
    return self._load_template(name, globals)
           ^^^^^^^^^^^^^^^^^^^^^^^^^^^^^^^^^^
  File "C:\Users\mega-327\AppData\Local\Programs\Python\Python312\Lib\site-packages\jinja2\environment.py", line 975, in _load_template
    template = self.loader.load(self, name, self.make_globals(globals))
               ^^^^^^^^^^^^^^^^^^^^^^^^^^^^^^^^^^^^^^^^^^^^^^^^^^^^^^^^
  File "C:\Users\mega-327\AppData\Local\Programs\Python\Python312\Lib\site-packages\jinja2\loaders.py", line 138, in load
    code = environment.compile(source, name, filename)
           ^^^^^^^^^^^^^^^^^^^^^^^^^^^^^^^^^^^^^^^^^^^
  File "C:\Users\mega-327\AppData\Local\Programs\Python\Python312\Lib\site-packages\jinja2\environment.py", line 771, in compile
    self.handle_exception(source=source_hint)
  File "C:\Users\mega-327\AppData\Local\Programs\Python\Python312\Lib\site-packages\jinja2\environment.py", line 942, in handle_exception
    raise rewrite_traceback_stack(source=source)
  File "C:\Users\mega-327\Desktop\car_damage_analysis\templates\result.html", line 18, in template
    <td>{{ d.손상 정도 }}</td>
    ^^^^^^^^^^^^^^^^^^^^^^
jinja2.exceptions.TemplateSyntaxError: expected token 'end of print statement', got '정도'

2025-11-06 11:37:47.286384
Traceback (most recent call last):
  File "C:\Users\mega-327\Desktop\car_damage_analysis\app.py", line 37, in predict
  File "C:\Users\mega-327\AppData\Local\Programs\Python\Python312\Lib\site-packages\flask\templating.py", line 149, in render_template
    template = app.jinja_env.get_or_select_template(template_name_or_list)
               ^^^^^^^^^^^^^^^^^^^^^^^^^^^^^^^^^^^^^^^^^^^^^^^^^^^^^^^^^^^
  File "C:\Users\mega-327\AppData\Local\Programs\Python\Python312\Lib\site-packages\jinja2\environment.py", line 1087, in get_or_select_template
    return self.get_template(template_name_or_list, parent, globals)
           ^^^^^^^^^^^^^^^^^^^^^^^^^^^^^^^^^^^^^^^^^^^^^^^^^^^^^^^^^
  File "C:\Users\mega-327\AppData\Local\Programs\Python\Python312\Lib\site-packages\jinja2\environment.py", line 1016, in get_template
    return self._load_template(name, globals)
           ^^^^^^^^^^^^^^^^^^^^^^^^^^^^^^^^^^
  File "C:\Users\mega-327\AppData\Local\Programs\Python\Python312\Lib\site-packages\jinja2\environment.py", line 975, in _load_template
    template = self.loader.load(self, name, self.make_globals(globals))
               ^^^^^^^^^^^^^^^^^^^^^^^^^^^^^^^^^^^^^^^^^^^^^^^^^^^^^^^^
  File "C:\Users\mega-327\AppData\Local\Programs\Python\Python312\Lib\site-packages\jinja2\loaders.py", line 138, in load
    code = environment.compile(source, name, filename)
           ^^^^^^^^^^^^^^^^^^^^^^^^^^^^^^^^^^^^^^^^^^^
  File "C:\Users\mega-327\AppData\Local\Programs\Python\Python312\Lib\site-packages\jinja2\environment.py", line 771, in compile
    self.handle_exception(source=source_hint)
  File "C:\Users\mega-327\AppData\Local\Programs\Python\Python312\Lib\site-packages\jinja2\environment.py", line 942, in handle_exception
    raise rewrite_traceback_stack(source=source)
  File "C:\Users\mega-327\Desktop\car_damage_analysis\templates\result.html", line 18, in template
    <td>{{ d.손상 정도 }}</td>
    ^^^^^^^^^^^^^^^^^^^^^^
jinja2.exceptions.TemplateSyntaxError: expected token 'end of print statement', got '정도'

2025-11-06 11:42:08.500134
Traceback (most recent call last):
  File "C:\Users\mega-327\Desktop\car_damage_analysis\app.py", line 36, in predict
    result_path, damage_info = predict_damage(filepath, app.config['RESULT_FOLDER'])
                               ^^^^^^^^^^^^^^^^^^^^^^^^^^^^^^^^^^^^^^^^^^^^^^^^^^^^^
  File "C:\Users\mega-327\Desktop\car_damage_analysis\model\detect_damage.py", line 63, in predict_damage
    predicted_class_name = class_names[predicted_class_index]
                           ~~~~~~~~~~~^^^^^^^^^^^^^^^^^^^^^^^
IndexError: list index out of range

2025-11-06 11:42:54.193585
Traceback (most recent call last):
  File "C:\Users\mega-327\Desktop\car_damage_analysis\app.py", line 36, in predict
    result_path, damage_info = predict_damage(filepath, app.config['RESULT_FOLDER'])
                               ^^^^^^^^^^^^^^^^^^^^^^^^^^^^^^^^^^^^^^^^^^^^^^^^^^^^^
  File "C:\Users\mega-327\Desktop\car_damage_analysis\model\detect_damage.py", line 63, in predict_damage
    predicted_class_name = class_names[predicted_class_index]
                           ~~~~~~~~~~~^^^^^^^^^^^^^^^^^^^^^^^
IndexError: list index out of range

2025-11-06 11:43:02.279285
Traceback (most recent call last):
  File "C:\Users\mega-327\Desktop\car_damage_analysis\app.py", line 36, in predict
    result_path, damage_info = predict_damage(filepath, app.config['RESULT_FOLDER'])
                               ^^^^^^^^^^^^^^^^^^^^^^^^^^^^^^^^^^^^^^^^^^^^^^^^^^^^^
  File "C:\Users\mega-327\Desktop\car_damage_analysis\model\detect_damage.py", line 63, in predict_damage
    predicted_class_name = class_names[predicted_class_index]
                           ~~~~~~~~~~~^^^^^^^^^^^^^^^^^^^^^^^
IndexError: list index out of range

2025-11-06 11:46:48.089961
Traceback (most recent call last):
  File "C:\Users\mega-327\Desktop\car_damage_analysis\app.py", line 36, in predict
    result_path, damage_info = predict_damage(filepath, app.config['RESULT_FOLDER'])
                               ^^^^^^^^^^^^^^^^^^^^^^^^^^^^^^^^^^^^^^^^^^^^^^^^^^^^^
  File "C:\Users\mega-327\Desktop\car_damage_analysis\model\detect_damage.py", line 63, in predict_damage
    predicted_class_name = class_names[predicted_class_index]
                           ~~~~~~~~~~~^^^^^^^^^^^^^^^^^^^^^^^
IndexError: list index out of range

2025-11-06 13:45:36.286990
Traceback (most recent call last):
  File "C:\Users\mega-327\Desktop\car_damage_analysis\app.py", line 36, in predict
    result_path, damage_info = predict_damage(filepath, app.config['RESULT_FOLDER'])
                               ^^^^^^^^^^^^^^^^^^^^^^^^^^^^^^^^^^^^^^^^^^^^^^^^^^^^^
  File "C:\Users\mega-327\Desktop\car_damage_analysis\model\detect_damage.py", line 76, in predict_damage
    "class_name": class_names[i],
                  ~~~~~~~~~~~^^^
IndexError: list index out of range

